<?xml version="1.0" encoding="UTF-8"?>
<testng-results skipped="0" failed="0" total="1" passed="1">
  <reporter-output>
  </reporter-output>
  <suite name="Suite" duration-ms="70" started-at="2016-04-01T11:58:59Z" finished-at="2016-04-01T11:58:59Z">
    <groups>
    </groups>
    <test name="Test" duration-ms="70" started-at="2016-04-01T11:58:59Z" finished-at="2016-04-01T11:58:59Z">
      <class name="DemoJenkins.DemoJenkinsJobs">
        <test-method status="PASS" signature="testJenkins()[pri:0, instance:DemoJenkins.DemoJenkinsJobs@584ffe5e]" name="testJenkins" duration-ms="30" started-at="2016-04-01T12:58:59Z" finished-at="2016-04-01T12:58:59Z">
          <reporter-output>
          </reporter-output>
        </test-method> <!-- testJenkins -->
      </class> <!-- DemoJenkins.DemoJenkinsJobs -->
    </test> <!-- Test -->
  </suite> <!-- Suite -->
</testng-results>
